2022-12-02T08:52:41.589Z [Starbooks] error: uncaughtException: FATAL ERROR.. Private Key is not set
Error: FATAL ERROR.. Private Key is not set
    at checkConfigVariables (file:///Users/deepikazende/Projects/hcc-backend/startup/config.js:5:15)
    at file:///Users/deepikazende/Projects/hcc-backend/index.js:10:1
    at ModuleJob.run (node:internal/modules/esm/module_job:193:25)
    at async Promise.all (index 0)
    at async ESMLoader.import (node:internal/modules/esm/loader:526:24)
    at async loadESM (node:internal/process/esm_loader:91:5)
    at async handleMainPromise (node:internal/modules/run_main:65:12)
2023-01-05T18:31:53.894Z [Starbooks] error: uncaughtException: FATAL ERROR.. Private Key is not set
Error: FATAL ERROR.. Private Key is not set
    at checkConfigVariables (file:///Users/deepikazende/Projects/hcc-backend/startup/config.js:5:15)
    at file:///Users/deepikazende/Projects/hcc-backend/index.js:10:1
    at ModuleJob.run (node:internal/modules/esm/module_job:193:25)
    at async Promise.all (index 0)
    at async ESMLoader.import (node:internal/modules/esm/loader:526:24)
    at async loadESM (node:internal/process/esm_loader:91:5)
    at async handleMainPromise (node:internal/modules/run_main:65:12)
2023-03-13T15:06:24.937Z [Starbooks] error: uncaughtException: FATAL ERROR.. Private Key is not set
Error: FATAL ERROR.. Private Key is not set
    at checkConfigVariables (file:///Users/deepikazende/Projects/hcc-backend/startup/config.js:5:15)
    at file:///Users/deepikazende/Projects/hcc-backend/index.js:10:1
    at ModuleJob.run (node:internal/modules/esm/module_job:193:25)
    at async Promise.all (index 0)
    at async ESMLoader.import (node:internal/modules/esm/loader:526:24)
    at async loadESM (node:internal/process/esm_loader:91:5)
    at async handleMainPromise (node:internal/modules/run_main:65:12)
2023-03-13T15:07:30.053Z [Starbooks] error: unhandledRejection: connect ECONNREFUSED 127.0.0.1:27017
MongooseServerSelectionError: connect ECONNREFUSED 127.0.0.1:27017
    at NativeConnection.Connection.openUri (/Users/deepikazende/Projects/hcc-backend/node_modules/mongoose/lib/connection.js:824:32)
    at /Users/deepikazende/Projects/hcc-backend/node_modules/mongoose/lib/index.js:412:10
    at /Users/deepikazende/Projects/hcc-backend/node_modules/mongoose/lib/helpers/promiseOrCallback.js:41:5
    at new Promise (<anonymous>)
    at promiseOrCallback (/Users/deepikazende/Projects/hcc-backend/node_modules/mongoose/lib/helpers/promiseOrCallback.js:40:10)
    at Mongoose._promiseOrCallback (/Users/deepikazende/Projects/hcc-backend/node_modules/mongoose/lib/index.js:1265:10)
    at Mongoose.connect (/Users/deepikazende/Projects/hcc-backend/node_modules/mongoose/lib/index.js:411:20)
    at initialiseDb (file:///Users/deepikazende/Projects/hcc-backend/startup/mongo.js:13:10)
    at file:///Users/deepikazende/Projects/hcc-backend/index.js:8:1
    at ModuleJob.run (node:internal/modules/esm/module_job:193:25)
2023-03-13T15:08:52.700Z [Starbooks] error: unhandledRejection: connect ECONNREFUSED 127.0.0.1:27017
MongooseServerSelectionError: connect ECONNREFUSED 127.0.0.1:27017
    at NativeConnection.Connection.openUri (/Users/deepikazende/Projects/hcc-backend/node_modules/mongoose/lib/connection.js:824:32)
    at /Users/deepikazende/Projects/hcc-backend/node_modules/mongoose/lib/index.js:412:10
    at /Users/deepikazende/Projects/hcc-backend/node_modules/mongoose/lib/helpers/promiseOrCallback.js:41:5
    at new Promise (<anonymous>)
    at promiseOrCallback (/Users/deepikazende/Projects/hcc-backend/node_modules/mongoose/lib/helpers/promiseOrCallback.js:40:10)
    at Mongoose._promiseOrCallback (/Users/deepikazende/Projects/hcc-backend/node_modules/mongoose/lib/index.js:1265:10)
    at Mongoose.connect (/Users/deepikazende/Projects/hcc-backend/node_modules/mongoose/lib/index.js:411:20)
    at initialiseDb (file:///Users/deepikazende/Projects/hcc-backend/startup/mongo.js:13:10)
    at file:///Users/deepikazende/Projects/hcc-backend/index.js:8:1
    at ModuleJob.run (node:internal/modules/esm/module_job:193:25)
2023-03-15T11:18:43.471Z [Starbooks] error: uncaughtException: moment is not defined
ReferenceError: moment is not defined
    at file:///Users/deepikazende/Projects/hcc-backend/models/profileModel.js:11:20
    at ModuleJob.run (node:internal/modules/esm/module_job:193:25)
    at async Promise.all (index 0)
    at async ESMLoader.import (node:internal/modules/esm/loader:526:24)
    at async loadESM (node:internal/process/esm_loader:91:5)
    at async handleMainPromise (node:internal/modules/run_main:65:12)
2023-03-15T11:19:48.695Z [Starbooks] error: uncaughtException: moment is not defined
ReferenceError: moment is not defined
    at file:///Users/deepikazende/Projects/hcc-backend/models/prescriptionModel.js:24:31
    at ModuleJob.run (node:internal/modules/esm/module_job:193:25)
    at async Promise.all (index 0)
    at async ESMLoader.import (node:internal/modules/esm/loader:526:24)
    at async loadESM (node:internal/process/esm_loader:91:5)
    at async handleMainPromise (node:internal/modules/run_main:65:12)
2023-03-15T11:20:04.685Z [Starbooks] error: uncaughtException: moment is not defined
ReferenceError: moment is not defined
    at file:///Users/deepikazende/Projects/hcc-backend/models/medicalRecordModel.js:30:31
    at ModuleJob.run (node:internal/modules/esm/module_job:193:25)
    at async Promise.all (index 0)
    at async ESMLoader.import (node:internal/modules/esm/loader:526:24)
    at async loadESM (node:internal/process/esm_loader:91:5)
    at async handleMainPromise (node:internal/modules/run_main:65:12)
2023-03-15T11:20:17.012Z [Starbooks] error: uncaughtException: FATAL ERROR.. Private Key is not set
Error: FATAL ERROR.. Private Key is not set
    at checkConfigVariables (file:///Users/deepikazende/Projects/hcc-backend/startup/config.js:5:15)
    at file:///Users/deepikazende/Projects/hcc-backend/index.js:10:1
    at ModuleJob.run (node:internal/modules/esm/module_job:193:25)
    at async Promise.all (index 0)
    at async ESMLoader.import (node:internal/modules/esm/loader:526:24)
    at async loadESM (node:internal/process/esm_loader:91:5)
    at async handleMainPromise (node:internal/modules/run_main:65:12)
2023-03-15T19:55:24.826Z [Starbooks] error: uncaughtException: FATAL ERROR.. Private Key is not set
Error: FATAL ERROR.. Private Key is not set
    at checkConfigVariables (file:///Users/deepikazende/Projects/hcc-backend/startup/config.js:5:15)
    at file:///Users/deepikazende/Projects/hcc-backend/index.js:10:1
    at ModuleJob.run (node:internal/modules/esm/module_job:193:25)
    at async Promise.all (index 0)
    at async ESMLoader.import (node:internal/modules/esm/loader:526:24)
    at async loadESM (node:internal/process/esm_loader:91:5)
    at async handleMainPromise (node:internal/modules/run_main:65:12)
2023-03-16T06:59:31.181Z [Starbooks] error: uncaughtException: FATAL ERROR.. Private Key is not set
Error: FATAL ERROR.. Private Key is not set
    at checkConfigVariables (file:///Users/deepikazende/Projects/hcc-backend/startup/config.js:5:15)
    at file:///Users/deepikazende/Projects/hcc-backend/index.js:10:1
    at ModuleJob.run (node:internal/modules/esm/module_job:193:25)
    at async Promise.all (index 0)
    at async ESMLoader.import (node:internal/modules/esm/loader:526:24)
    at async loadESM (node:internal/process/esm_loader:91:5)
    at async handleMainPromise (node:internal/modules/run_main:65:12)
2023-03-24T08:42:06.589Z [Starbooks] error: uncaughtException: FATAL ERROR.. Private Key is not set
Error: FATAL ERROR.. Private Key is not set
    at checkConfigVariables (file:///Users/deepikazende/Projects/hcc-backend/startup/config.js:5:15)
    at file:///Users/deepikazende/Projects/hcc-backend/index.js:10:1
    at ModuleJob.run (node:internal/modules/esm/module_job:193:25)
    at async Promise.all (index 0)
    at async ESMLoader.import (node:internal/modules/esm/loader:526:24)
    at async loadESM (node:internal/process/esm_loader:91:5)
    at async handleMainPromise (node:internal/modules/run_main:65:12)
2023-03-24T08:42:38.338Z [Starbooks] error: uncaughtException: FATAL ERROR.. Private Key is not set
Error: FATAL ERROR.. Private Key is not set
    at checkConfigVariables (file:///Users/deepikazende/Projects/hcc-backend/startup/config.js:5:15)
    at file:///Users/deepikazende/Projects/hcc-backend/index.js:10:1
    at ModuleJob.run (node:internal/modules/esm/module_job:193:25)
    at async Promise.all (index 0)
    at async ESMLoader.import (node:internal/modules/esm/loader:526:24)
    at async loadESM (node:internal/process/esm_loader:91:5)
    at async handleMainPromise (node:internal/modules/run_main:65:12)
2023-03-28T13:34:50.592Z [Starbooks] error: uncaughtException: FATAL ERROR.. Private Key is not set
Error: FATAL ERROR.. Private Key is not set
    at checkConfigVariables (file:///Users/deepikazende/Projects/hcc-backend/startup/config.js:5:15)
    at file:///Users/deepikazende/Projects/hcc-backend/index.js:10:1
    at ModuleJob.run (node:internal/modules/esm/module_job:193:25)
    at async Promise.all (index 0)
    at async ESMLoader.import (node:internal/modules/esm/loader:526:24)
    at async loadESM (node:internal/process/esm_loader:91:5)
    at async handleMainPromise (node:internal/modules/run_main:65:12)
2023-06-14T18:13:50.299Z [Starbooks] error: uncaughtException: FATAL ERROR.. Private Key is not set
Error: FATAL ERROR.. Private Key is not set
    at checkConfigVariables (file:///Users/deepikazende/Projects/hcc-backend/startup/config.js:5:15)
    at file:///Users/deepikazende/Projects/hcc-backend/index.js:10:1
    at ModuleJob.run (node:internal/modules/esm/module_job:193:25)
    at async Promise.all (index 0)
    at async ESMLoader.import (node:internal/modules/esm/loader:526:24)
    at async loadESM (node:internal/process/esm_loader:91:5)
    at async handleMainPromise (node:internal/modules/run_main:65:12)
2023-06-27T10:14:17.672Z [Starbooks] error: uncaughtException: FATAL ERROR.. Private Key is not set
Error: FATAL ERROR.. Private Key is not set
    at checkConfigVariables (file:///Users/deepikazende/Projects/hcc-backend/startup/config.js:5:15)
    at file:///Users/deepikazende/Projects/hcc-backend/index.js:10:1
    at ModuleJob.run (node:internal/modules/esm/module_job:193:25)
    at async Promise.all (index 0)
    at async ESMLoader.import (node:internal/modules/esm/loader:526:24)
    at async loadESM (node:internal/process/esm_loader:91:5)
    at async handleMainPromise (node:internal/modules/run_main:65:12)
